2019-09-30 16:19:28,886  INFO [main] HomePagetestscripts:31 - Starting Redirection validation
2019-09-30 16:19:28,933  INFO [main] HomePagetestscripts:33 - Redirection is on the correct page
2019-09-30 16:19:28,933  INFO [main] HomePagetestscripts:34 - Starting the homepage testing
2019-09-30 16:19:34,234  INFO [main] HomePagetestscripts:43 - Validation done
2019-09-30 16:19:34,526  INFO [main] HomePagetestscripts:43 - Validation done
2019-09-30 16:19:34,793  INFO [main] HomePagetestscripts:43 - Validation done
2019-09-30 16:19:35,077  INFO [main] HomePagetestscripts:43 - Validation done
2019-09-30 16:19:35,414  INFO [main] HomePagetestscripts:43 - Validation done
2019-09-30 16:19:35,753  INFO [main] HomePagetestscripts:43 - Validation done
2019-09-30 16:19:36,041  INFO [main] HomePagetestscripts:43 - Validation done
2019-09-30 16:19:36,333  INFO [main] HomePagetestscripts:43 - Validation done
2019-09-30 16:19:36,625  INFO [main] HomePagetestscripts:43 - Validation done
2019-09-30 16:19:36,953  INFO [main] HomePagetestscripts:43 - Validation done
2019-09-30 16:19:37,253  INFO [main] HomePagetestscripts:43 - Validation done
2019-09-30 16:19:37,561  INFO [main] HomePagetestscripts:43 - Validation done
2019-09-30 16:19:37,855  INFO [main] HomePagetestscripts:43 - Validation done
2019-09-30 16:19:38,211  INFO [main] HomePagetestscripts:43 - Validation done
2019-09-30 16:19:38,211  INFO [main] HomePagetestscripts:43 - Validation done
2019-09-30 16:19:42,569  INFO [main] HomePagetestscripts:76 - Validation done
2019-09-30 16:19:42,989  INFO [main] HomePagetestscripts:76 - Validation done
2019-09-30 16:19:43,381  INFO [main] HomePagetestscripts:76 - Validation done
2019-09-30 16:19:43,712  INFO [main] HomePagetestscripts:76 - Validation done
2019-09-30 16:19:44,020  INFO [main] HomePagetestscripts:76 - Validation done
2019-09-30 16:19:44,448  INFO [main] HomePagetestscripts:76 - Validation done
2019-09-30 16:19:44,837  INFO [main] HomePagetestscripts:76 - Validation done
2019-09-30 16:19:45,133  INFO [main] HomePagetestscripts:76 - Validation done
2019-09-30 16:19:45,401  INFO [main] HomePagetestscripts:76 - Validation done
2019-09-30 16:19:45,684  INFO [main] HomePagetestscripts:76 - Validation done
2019-09-30 16:19:46,028  INFO [main] HomePagetestscripts:76 - Validation done
2019-09-30 16:19:46,324  INFO [main] HomePagetestscripts:76 - Validation done
2019-09-30 16:19:46,600  INFO [main] HomePagetestscripts:76 - Validation done
2019-09-30 16:19:46,872  INFO [main] HomePagetestscripts:76 - Validation done
2019-09-30 16:19:46,872  INFO [main] HomePagetestscripts:76 - Validation done
2019-09-30 16:19:50,365  INFO [main] HomePagetestscripts:97 - Validation done
2019-09-30 16:19:50,709  INFO [main] HomePagetestscripts:97 - Validation done
2019-09-30 16:19:51,001  INFO [main] HomePagetestscripts:97 - Validation done
2019-09-30 16:19:51,307  INFO [main] HomePagetestscripts:97 - Validation done
2019-09-30 16:19:51,701  INFO [main] HomePagetestscripts:97 - Validation done
2019-09-30 16:19:52,073  INFO [main] HomePagetestscripts:97 - Validation done
2019-09-30 16:19:52,418  INFO [main] HomePagetestscripts:97 - Validation done
2019-09-30 16:19:52,719  INFO [main] HomePagetestscripts:97 - Validation done
2019-09-30 16:19:53,007  INFO [main] HomePagetestscripts:97 - Validation done
2019-09-30 16:19:53,331  INFO [main] HomePagetestscripts:97 - Validation done
2019-09-30 16:19:53,635  INFO [main] HomePagetestscripts:97 - Validation done
2019-09-30 16:19:53,927  INFO [main] HomePagetestscripts:97 - Validation done
2019-09-30 16:19:54,231  INFO [main] HomePagetestscripts:97 - Validation done
2019-09-30 16:19:54,543  INFO [main] HomePagetestscripts:97 - Validation done
2019-09-30 16:19:54,543  INFO [main] HomePagetestscripts:97 - Validation done
2019-09-30 16:19:58,124  INFO [main] HomePagetestscripts:117 - Validation done
2019-09-30 16:19:58,420  INFO [main] HomePagetestscripts:117 - Validation done
2019-09-30 16:19:58,720  INFO [main] HomePagetestscripts:117 - Validation done
2019-09-30 16:19:59,053  INFO [main] HomePagetestscripts:117 - Validation done
2019-09-30 16:19:59,381  INFO [main] HomePagetestscripts:117 - Validation done
2019-09-30 16:19:59,733  INFO [main] HomePagetestscripts:117 - Validation done
2019-09-30 16:20:00,048  INFO [main] HomePagetestscripts:117 - Validation done
2019-09-30 16:20:00,360  INFO [main] HomePagetestscripts:117 - Validation done
2019-09-30 16:20:00,712  INFO [main] HomePagetestscripts:117 - Validation done
2019-09-30 16:20:01,021  INFO [main] HomePagetestscripts:117 - Validation done
2019-09-30 16:20:01,301  INFO [main] HomePagetestscripts:117 - Validation done
2019-09-30 16:20:01,581  INFO [main] HomePagetestscripts:117 - Validation done
2019-09-30 16:20:01,929  INFO [main] HomePagetestscripts:117 - Validation done
2019-09-30 16:20:02,281  INFO [main] HomePagetestscripts:117 - Validation done
2019-09-30 16:20:02,281  INFO [main] HomePagetestscripts:117 - Validation done
2019-09-30 16:20:03,993  INFO [main] HomePagetestscripts:138 - Validation done
2019-09-30 16:20:04,233  INFO [main] HomePagetestscripts:138 - Validation done
2019-09-30 16:20:04,469  INFO [main] HomePagetestscripts:138 - Validation done
2019-09-30 16:20:04,776  INFO [main] HomePagetestscripts:138 - Validation done
2019-09-30 16:20:05,087  INFO [main] HomePagetestscripts:138 - Validation done
2019-09-30 16:20:05,331  INFO [main] HomePagetestscripts:138 - Validation done
2019-09-30 16:20:05,587  INFO [main] HomePagetestscripts:138 - Validation done
2019-09-30 16:20:05,839  INFO [main] HomePagetestscripts:138 - Validation done
2019-09-30 16:20:06,069  INFO [main] HomePagetestscripts:138 - Validation done
2019-09-30 16:20:06,393  INFO [main] HomePagetestscripts:138 - Validation done
2019-09-30 16:20:06,697  INFO [main] HomePagetestscripts:138 - Validation done
2019-09-30 16:20:06,933  INFO [main] HomePagetestscripts:138 - Validation done
2019-09-30 16:20:07,190  INFO [main] HomePagetestscripts:138 - Validation done
2019-09-30 16:20:07,429  INFO [main] HomePagetestscripts:138 - Validation done
2019-09-30 16:20:07,429  INFO [main] HomePagetestscripts:138 - Validation done
2019-09-30 16:20:11,636  INFO [main] HomePagetestscripts:159 - Validation done
2019-09-30 16:20:11,984  INFO [main] HomePagetestscripts:159 - Validation done
2019-09-30 16:20:12,332  INFO [main] HomePagetestscripts:159 - Validation done
2019-09-30 16:20:12,633  INFO [main] HomePagetestscripts:159 - Validation done
2019-09-30 16:20:12,985  INFO [main] HomePagetestscripts:159 - Validation done
2019-09-30 16:20:13,257  INFO [main] HomePagetestscripts:159 - Validation done
2019-09-30 16:20:13,713  INFO [main] HomePagetestscripts:159 - Validation done
2019-09-30 16:20:14,067  INFO [main] HomePagetestscripts:159 - Validation done
2019-09-30 16:20:14,347  INFO [main] HomePagetestscripts:159 - Validation done
2019-09-30 16:20:14,626  INFO [main] HomePagetestscripts:159 - Validation done
2019-09-30 16:20:14,942  INFO [main] HomePagetestscripts:159 - Validation done
2019-09-30 16:20:15,294  INFO [main] HomePagetestscripts:159 - Validation done
2019-09-30 16:20:15,590  INFO [main] HomePagetestscripts:159 - Validation done
2019-09-30 16:20:15,894  INFO [main] HomePagetestscripts:159 - Validation done
2019-09-30 16:20:15,894  INFO [main] HomePagetestscripts:159 - Validation done
2019-09-30 16:20:17,842  INFO [main] HomePagetestscripts:180 - Validation done
2019-09-30 16:20:18,097  INFO [main] HomePagetestscripts:180 - Validation done
2019-09-30 16:20:18,337  INFO [main] HomePagetestscripts:180 - Validation done
2019-09-30 16:20:18,601  INFO [main] HomePagetestscripts:180 - Validation done
2019-09-30 16:20:18,835  INFO [main] HomePagetestscripts:180 - Validation done
2019-09-30 16:20:19,095  INFO [main] HomePagetestscripts:180 - Validation done
2019-09-30 16:20:19,415  INFO [main] HomePagetestscripts:180 - Validation done
2019-09-30 16:20:19,667  INFO [main] HomePagetestscripts:180 - Validation done
2019-09-30 16:20:19,909  INFO [main] HomePagetestscripts:180 - Validation done
2019-09-30 16:20:20,149  INFO [main] HomePagetestscripts:180 - Validation done
2019-09-30 16:20:20,409  INFO [main] HomePagetestscripts:180 - Validation done
2019-09-30 16:20:20,748  INFO [main] HomePagetestscripts:180 - Validation done
2019-09-30 16:20:21,025  INFO [main] HomePagetestscripts:180 - Validation done
2019-09-30 16:20:21,277  INFO [main] HomePagetestscripts:180 - Validation done
2019-09-30 16:20:21,277  INFO [main] HomePagetestscripts:180 - Validation done
2019-09-30 16:20:25,214  INFO [main] ValidateAnchors:29 - Starting Anchors tag validation
2019-09-30 16:20:32,284  INFO [main] ValidateAnchors:54 - Starting Redirection validation
2019-09-30 16:20:58,551 DEBUG [main] cache:45 - Couldn't find template in cache for "Extent.ftl"("en_US", UTF-8, parsed); will try to load it.
2019-09-30 16:20:58,555 DEBUG [main] cache:45 - TemplateLoader.findTemplateSource("Extent_en_US.ftl"): Not found
2019-09-30 16:20:58,559 DEBUG [main] cache:45 - TemplateLoader.findTemplateSource("Extent_en.ftl"): Not found
2019-09-30 16:20:58,559 DEBUG [main] cache:45 - TemplateLoader.findTemplateSource("Extent.ftl"): Found
2019-09-30 16:20:58,559 DEBUG [main] cache:45 - Loading template for "Extent.ftl"("en_US", UTF-8, parsed) from "jar:file:/C:/Users/saurabh.chauhan/.m2/repository/com/relevantcodes/extentreports/2.41.2/extentreports-2.41.2.jar!/com/relevantcodes/extentreports/view/Extent.ftl"
2019-09-30 16:20:59,275 DEBUG [main] cache:45 - Couldn't find template in cache for "Extent.ftl"("en_US", UTF-8, parsed); will try to load it.
2019-09-30 16:20:59,283 DEBUG [main] cache:45 - TemplateLoader.findTemplateSource("Extent_en_US.ftl"): Not found
2019-09-30 16:20:59,283 DEBUG [main] cache:45 - TemplateLoader.findTemplateSource("Extent_en.ftl"): Not found
2019-09-30 16:20:59,287 DEBUG [main] cache:45 - TemplateLoader.findTemplateSource("Extent.ftl"): Found
2019-09-30 16:20:59,287 DEBUG [main] cache:45 - Loading template for "Extent.ftl"("en_US", UTF-8, parsed) from "jar:file:/C:/Users/saurabh.chauhan/.m2/repository/com/relevantcodes/extentreports/2.41.2/extentreports-2.41.2.jar!/com/relevantcodes/extentreports/view/Extent.ftl"
2019-09-30 16:49:26,243  INFO [main] HomePagetestscripts:31 - Starting Redirection validation
2019-09-30 16:49:26,342  INFO [main] HomePagetestscripts:33 - Redirection is on the correct page
2019-09-30 16:49:26,342  INFO [main] HomePagetestscripts:34 - Starting the homepage testing
2019-09-30 16:49:34,180  INFO [main] HomePagetestscripts:43 - Validation done
2019-09-30 16:49:34,352  INFO [main] HomePagetestscripts:43 - Validation done
2019-09-30 16:49:34,516  INFO [main] HomePagetestscripts:43 - Validation done
2019-09-30 16:49:34,696  INFO [main] HomePagetestscripts:43 - Validation done
2019-09-30 16:49:34,856  INFO [main] HomePagetestscripts:43 - Validation done
2019-09-30 16:49:35,004  INFO [main] HomePagetestscripts:43 - Validation done
2019-09-30 16:49:35,152  INFO [main] HomePagetestscripts:43 - Validation done
2019-09-30 16:49:35,304  INFO [main] HomePagetestscripts:43 - Validation done
2019-09-30 16:49:35,452  INFO [main] HomePagetestscripts:43 - Validation done
2019-09-30 16:49:35,644  INFO [main] HomePagetestscripts:43 - Validation done
2019-09-30 16:49:35,836  INFO [main] HomePagetestscripts:43 - Validation done
2019-09-30 16:49:36,028  INFO [main] HomePagetestscripts:43 - Validation done
2019-09-30 16:49:36,200  INFO [main] HomePagetestscripts:43 - Validation done
2019-09-30 16:49:36,376  INFO [main] HomePagetestscripts:43 - Validation done
2019-09-30 16:49:36,382  INFO [main] HomePagetestscripts:43 - Validation done
2019-09-30 16:49:38,780  INFO [main] HomePagetestscripts:76 - Validation done
2019-09-30 16:49:38,928  INFO [main] HomePagetestscripts:76 - Validation done
2019-09-30 16:49:39,084  INFO [main] HomePagetestscripts:76 - Validation done
2019-09-30 16:49:39,264  INFO [main] HomePagetestscripts:76 - Validation done
2019-09-30 16:49:39,400  INFO [main] HomePagetestscripts:76 - Validation done
2019-09-30 16:49:39,544  INFO [main] HomePagetestscripts:76 - Validation done
2019-09-30 16:49:39,681  INFO [main] HomePagetestscripts:76 - Validation done
2019-09-30 16:49:39,857  INFO [main] HomePagetestscripts:76 - Validation done
2019-09-30 16:49:40,009  INFO [main] HomePagetestscripts:76 - Validation done
2019-09-30 16:49:40,169  INFO [main] HomePagetestscripts:76 - Validation done
2019-09-30 16:49:40,349  INFO [main] HomePagetestscripts:76 - Validation done
2019-09-30 16:49:40,500  INFO [main] HomePagetestscripts:76 - Validation done
2019-09-30 16:49:40,684  INFO [main] HomePagetestscripts:76 - Validation done
2019-09-30 16:49:40,835  INFO [main] HomePagetestscripts:76 - Validation done
2019-09-30 16:49:40,839  INFO [main] HomePagetestscripts:76 - Validation done
2019-09-30 16:49:42,886  INFO [main] HomePagetestscripts:97 - Validation done
2019-09-30 16:49:43,042  INFO [main] HomePagetestscripts:97 - Validation done
2019-09-30 16:49:43,194  INFO [main] HomePagetestscripts:97 - Validation done
2019-09-30 16:49:43,342  INFO [main] HomePagetestscripts:97 - Validation done
2019-09-30 16:49:43,478  INFO [main] HomePagetestscripts:97 - Validation done
2019-09-30 16:49:43,606  INFO [main] HomePagetestscripts:97 - Validation done
2019-09-30 16:49:43,746  INFO [main] HomePagetestscripts:97 - Validation done
2019-09-30 16:49:43,881  INFO [main] HomePagetestscripts:97 - Validation done
2019-09-30 16:49:44,021  INFO [main] HomePagetestscripts:97 - Validation done
2019-09-30 16:49:44,197  INFO [main] HomePagetestscripts:97 - Validation done
2019-09-30 16:49:44,341  INFO [main] HomePagetestscripts:97 - Validation done
2019-09-30 16:49:44,473  INFO [main] HomePagetestscripts:97 - Validation done
2019-09-30 16:49:44,609  INFO [main] HomePagetestscripts:97 - Validation done
2019-09-30 16:49:44,745  INFO [main] HomePagetestscripts:97 - Validation done
2019-09-30 16:49:44,750  INFO [main] HomePagetestscripts:97 - Validation done
2019-09-30 16:49:47,392  INFO [main] HomePagetestscripts:117 - Validation done
2019-09-30 16:49:47,604  INFO [main] HomePagetestscripts:117 - Validation done
2019-09-30 16:49:47,748  INFO [main] HomePagetestscripts:117 - Validation done
2019-09-30 16:49:47,892  INFO [main] HomePagetestscripts:117 - Validation done
2019-09-30 16:49:48,052  INFO [main] HomePagetestscripts:117 - Validation done
2019-09-30 16:49:48,192  INFO [main] HomePagetestscripts:117 - Validation done
2019-09-30 16:49:48,339  INFO [main] HomePagetestscripts:117 - Validation done
2019-09-30 16:49:48,491  INFO [main] HomePagetestscripts:117 - Validation done
2019-09-30 16:49:48,639  INFO [main] HomePagetestscripts:117 - Validation done
2019-09-30 16:49:48,791  INFO [main] HomePagetestscripts:117 - Validation done
2019-09-30 16:49:48,935  INFO [main] HomePagetestscripts:117 - Validation done
2019-09-30 16:49:49,063  INFO [main] HomePagetestscripts:117 - Validation done
2019-09-30 16:49:49,219  INFO [main] HomePagetestscripts:117 - Validation done
2019-09-30 16:49:49,371  INFO [main] HomePagetestscripts:117 - Validation done
2019-09-30 16:49:49,375  INFO [main] HomePagetestscripts:117 - Validation done
2019-09-30 16:49:49,879  INFO [main] HomePagetestscripts:138 - Validation done
2019-09-30 16:49:50,019  INFO [main] HomePagetestscripts:138 - Validation done
2019-09-30 16:49:50,119  INFO [main] HomePagetestscripts:138 - Validation done
2019-09-30 16:49:50,239  INFO [main] HomePagetestscripts:138 - Validation done
2019-09-30 16:49:50,337  INFO [main] HomePagetestscripts:138 - Validation done
2019-09-30 16:49:50,437  INFO [main] HomePagetestscripts:138 - Validation done
2019-09-30 16:49:50,553  INFO [main] HomePagetestscripts:138 - Validation done
2019-09-30 16:49:50,669  INFO [main] HomePagetestscripts:138 - Validation done
2019-09-30 16:49:50,763  INFO [main] HomePagetestscripts:138 - Validation done
2019-09-30 16:49:50,856  INFO [main] HomePagetestscripts:138 - Validation done
2019-09-30 16:49:50,966  INFO [main] HomePagetestscripts:138 - Validation done
2019-09-30 16:49:51,059  INFO [main] HomePagetestscripts:138 - Validation done
2019-09-30 16:49:51,153  INFO [main] HomePagetestscripts:138 - Validation done
2019-09-30 16:49:51,278  INFO [main] HomePagetestscripts:138 - Validation done
2019-09-30 16:49:51,283  INFO [main] HomePagetestscripts:138 - Validation done
2019-09-30 16:49:54,068  INFO [main] HomePagetestscripts:159 - Validation done
2019-09-30 16:49:54,224  INFO [main] HomePagetestscripts:159 - Validation done
2019-09-30 16:49:54,336  INFO [main] HomePagetestscripts:159 - Validation done
2019-09-30 16:49:54,452  INFO [main] HomePagetestscripts:159 - Validation done
2019-09-30 16:49:54,568  INFO [main] HomePagetestscripts:159 - Validation done
2019-09-30 16:49:54,692  INFO [main] HomePagetestscripts:159 - Validation done
2019-09-30 16:49:54,808  INFO [main] HomePagetestscripts:159 - Validation done
2019-09-30 16:49:54,924  INFO [main] HomePagetestscripts:159 - Validation done
2019-09-30 16:49:55,034  INFO [main] HomePagetestscripts:159 - Validation done
2019-09-30 16:49:55,150  INFO [main] HomePagetestscripts:159 - Validation done
2019-09-30 16:49:55,262  INFO [main] HomePagetestscripts:159 - Validation done
2019-09-30 16:49:55,378  INFO [main] HomePagetestscripts:159 - Validation done
2019-09-30 16:49:55,498  INFO [main] HomePagetestscripts:159 - Validation done
2019-09-30 16:49:55,622  INFO [main] HomePagetestscripts:159 - Validation done
2019-09-30 16:49:55,626  INFO [main] HomePagetestscripts:159 - Validation done
2019-09-30 16:49:56,072  INFO [main] HomePagetestscripts:180 - Validation done
2019-09-30 16:49:56,175  INFO [main] HomePagetestscripts:180 - Validation done
2019-09-30 16:49:56,271  INFO [main] HomePagetestscripts:180 - Validation done
2019-09-30 16:49:56,351  INFO [main] HomePagetestscripts:180 - Validation done
2019-09-30 16:49:56,439  INFO [main] HomePagetestscripts:180 - Validation done
2019-09-30 16:49:56,523  INFO [main] HomePagetestscripts:180 - Validation done
2019-09-30 16:49:56,607  INFO [main] HomePagetestscripts:180 - Validation done
2019-09-30 16:49:56,691  INFO [main] HomePagetestscripts:180 - Validation done
2019-09-30 16:49:56,779  INFO [main] HomePagetestscripts:180 - Validation done
2019-09-30 16:49:56,859  INFO [main] HomePagetestscripts:180 - Validation done
2019-09-30 16:49:56,943  INFO [main] HomePagetestscripts:180 - Validation done
2019-09-30 16:49:57,023  INFO [main] HomePagetestscripts:180 - Validation done
2019-09-30 16:49:57,101  INFO [main] HomePagetestscripts:180 - Validation done
2019-09-30 16:49:57,185  INFO [main] HomePagetestscripts:180 - Validation done
2019-09-30 16:49:57,189  INFO [main] HomePagetestscripts:180 - Validation done
2019-09-30 16:50:23,431  INFO [main] ValidateAnchors:29 - Starting Anchors tag validation
2019-09-30 16:50:29,159  INFO [main] ValidateAnchors:54 - Starting Redirection validation
2019-09-30 16:51:19,801 DEBUG [main] cache:45 - Couldn't find template in cache for "Extent.ftl"("en_US", UTF-8, parsed); will try to load it.
2019-09-30 16:51:19,805 DEBUG [main] cache:45 - TemplateLoader.findTemplateSource("Extent_en_US.ftl"): Not found
2019-09-30 16:51:19,809 DEBUG [main] cache:45 - TemplateLoader.findTemplateSource("Extent_en.ftl"): Not found
2019-09-30 16:51:19,809 DEBUG [main] cache:45 - TemplateLoader.findTemplateSource("Extent.ftl"): Found
2019-09-30 16:51:19,813 DEBUG [main] cache:45 - Loading template for "Extent.ftl"("en_US", UTF-8, parsed) from "jar:file:/C:/Users/saurabh.chauhan/.m2/repository/com/relevantcodes/extentreports/2.41.2/extentreports-2.41.2.jar!/com/relevantcodes/extentreports/view/Extent.ftl"
2019-09-30 16:51:20,372 DEBUG [main] cache:45 - Couldn't find template in cache for "Extent.ftl"("en_US", UTF-8, parsed); will try to load it.
2019-09-30 16:51:20,372 DEBUG [main] cache:45 - TemplateLoader.findTemplateSource("Extent_en_US.ftl"): Not found
2019-09-30 16:51:20,376 DEBUG [main] cache:45 - TemplateLoader.findTemplateSource("Extent_en.ftl"): Not found
2019-09-30 16:51:20,376 DEBUG [main] cache:45 - TemplateLoader.findTemplateSource("Extent.ftl"): Found
2019-09-30 16:51:20,376 DEBUG [main] cache:45 - Loading template for "Extent.ftl"("en_US", UTF-8, parsed) from "jar:file:/C:/Users/saurabh.chauhan/.m2/repository/com/relevantcodes/extentreports/2.41.2/extentreports-2.41.2.jar!/com/relevantcodes/extentreports/view/Extent.ftl"
